2025-06-25 14:37:38,675 [INFO] Activator:176 - 


2025-06-25 14:37:38,682 [INFO] Activator:177 - !SESSION log4j initialized
2025-06-25 14:37:42,430 [INFO] LogOutputStream:77 - [STDOUT_REDIRECT] 
2025-06-25 14:37:44,553 [INFO] LogOutputStream:77 - [STDOUT_REDIRECT] 
2025-06-25 14:37:45,227 [ERROR] LogOutputStream:75 - [STDERR_REDIRECT] 
2025-06-25 14:37:45,774 [INFO] ApplicationProperties:184 - Using Application install path: /Applications/STM32CubeIDE.app/Contents/Eclipse/plugins/com.st.stm32cube.common.mx_6.14.1.202504091515
2025-06-25 14:37:45,797 [INFO] DbMcusXml:78 - Set database path to: /Applications/STM32CubeIDE.app/Contents/Eclipse/plugins/com.st.stm32cube.common.mx_6.14.1.202504091515//db//mcu/
2025-06-25 14:37:45,798 [INFO] ApiDb:274 - Set plugin database path to: /Applications/STM32CubeIDE.app/Contents/Eclipse/plugins/com.st.stm32cube.common.mx_6.14.1.202504091515//db//plugins/boardmanager/
2025-06-25 14:37:45,798 [WARN] ApiDb:259 - Overriding images path with different value:  => /Applications/STM32CubeIDE.app/Contents/Eclipse/plugins/com.st.stm32cube.common.mx_6.14.1.202504091515//db//plugins/mcufinder/images/
2025-06-25 14:37:45,810 [INFO] ApiDb:250 - Set database path to: /Users/admin/.stmcufinder/plugins/mcufinder//mcu/
2025-06-25 14:37:45,812 [INFO] DbMcusAds:125 - Set database path to: /Users/admin/.stmcufinder/plugins/mcufinder//mcu/
2025-06-25 14:37:45,817 [INFO] CrossReferenceDbSqlite:203 - Set database path to: /Users/admin/.stmcufinder/plugins/mcufinder//mcu/cs/
2025-06-25 14:37:45,983 [INFO] RulesReader:64 - Compatibility file has been processed (302 Rules)
2025-06-25 14:37:46,145 [INFO] DbMcusXml:78 - Set database path to: /Applications/STM32CubeIDE.app/Contents/Eclipse/plugins/com.st.stm32cube.common.mx_6.14.1.202504091515//db//mcu/
2025-06-25 14:37:46,145 [INFO] ApiDb:274 - Set plugin database path to: /Applications/STM32CubeIDE.app/Contents/Eclipse/plugins/com.st.stm32cube.common.mx_6.14.1.202504091515//db//plugins/boardmanager/
2025-06-25 14:37:46,145 [INFO] ApiDb:261 - Set plugin images path to: /Applications/STM32CubeIDE.app/Contents/Eclipse/plugins/com.st.stm32cube.common.mx_6.14.1.202504091515//db//plugins/mcufinder/images/
2025-06-25 14:37:46,146 [WARN] DbFile:41 - Overriding database path with different value: /Users/admin/.stmcufinder/plugins/mcufinder/ => /Users/admin/.stmcufinder/plugins/mcufinder
2025-06-25 14:37:46,146 [INFO] ApiDb:250 - Set database path to: /Users/admin/.stmcufinder/plugins/mcufinder//mcu/
2025-06-25 14:37:46,146 [WARN] DbFile:41 - Overriding database path with different value: /Users/admin/.stmcufinder/plugins/mcufinder/ => /Users/admin/.stmcufinder/plugins/mcufinder
2025-06-25 14:37:46,146 [INFO] DbMcusAds:125 - Set database path to: /Users/admin/.stmcufinder/plugins/mcufinder//mcu/
2025-06-25 14:37:46,146 [WARN] DbFile:41 - Overriding database path with different value: /Users/admin/.stmcufinder/plugins/mcufinder/ => /Users/admin/.stmcufinder/plugins/mcufinder
2025-06-25 14:37:46,146 [WARN] DbFile:41 - Overriding database path with different value: /Users/admin/.stmcufinder/plugins/mcufinder/ => /Users/admin/.stmcufinder/plugins/mcufinder
2025-06-25 14:37:46,146 [INFO] CrossReferenceDbSqlite:203 - Set database path to: /Users/admin/.stmcufinder/plugins/mcufinder//mcu/cs/
2025-06-25 14:37:46,235 [INFO] MainPanel:272 - HeapMemory: 268435456
2025-06-25 14:37:46,598 [INFO] DbMcusXml:78 - Set database path to: /Applications/STM32CubeIDE.app/Contents/Eclipse/plugins/com.st.stm32cube.common.mx_6.14.1.202504091515//db//mcu/
2025-06-25 14:37:46,599 [INFO] ApiDb:274 - Set plugin database path to: /Applications/STM32CubeIDE.app/Contents/Eclipse/plugins/com.st.stm32cube.common.mx_6.14.1.202504091515//db//plugins/boardmanager/
2025-06-25 14:37:46,599 [INFO] ApiDb:261 - Set plugin images path to: /Applications/STM32CubeIDE.app/Contents/Eclipse/plugins/com.st.stm32cube.common.mx_6.14.1.202504091515//db//plugins/mcufinder/images/
2025-06-25 14:37:46,599 [WARN] DbFile:41 - Overriding database path with different value: /Users/admin/.stmcufinder/plugins/mcufinder/ => /Users/admin/.stmcufinder/plugins/mcufinder
2025-06-25 14:37:46,599 [INFO] ApiDb:250 - Set database path to: /Users/admin/.stmcufinder/plugins/mcufinder//mcu/
2025-06-25 14:37:46,599 [WARN] DbFile:41 - Overriding database path with different value: /Users/admin/.stmcufinder/plugins/mcufinder/ => /Users/admin/.stmcufinder/plugins/mcufinder
2025-06-25 14:37:46,599 [INFO] DbMcusAds:125 - Set database path to: /Users/admin/.stmcufinder/plugins/mcufinder//mcu/
2025-06-25 14:37:46,599 [WARN] DbFile:41 - Overriding database path with different value: /Users/admin/.stmcufinder/plugins/mcufinder/ => /Users/admin/.stmcufinder/plugins/mcufinder
2025-06-25 14:37:46,599 [WARN] DbFile:41 - Overriding database path with different value: /Users/admin/.stmcufinder/plugins/mcufinder/ => /Users/admin/.stmcufinder/plugins/mcufinder
2025-06-25 14:37:46,600 [INFO] CrossReferenceDbSqlite:203 - Set database path to: /Users/admin/.stmcufinder/plugins/mcufinder//mcu/cs/
2025-06-25 14:37:46,618 [INFO] ApplicationProperties:184 - Using Application install path: /Applications/STM32CubeIDE.app/Contents/Eclipse/plugins/com.st.stm32cube.common.mx_6.14.1.202504091515
2025-06-25 14:37:46,620 [INFO] PluginManage:196 - Search for loadable plugins [exclusion list=, ]
2025-06-25 14:37:46,621 [INFO] PluginManage:310 - Check plugin analytics
2025-06-25 14:37:46,834 [INFO] AnalyticsPlugin:253 - Accepted Software Licenses: 
2025-06-25 14:37:46,834 [INFO] AnalyticsPlugin:255 - Accepted CMSIS Pack Licenses: Infineon.AIROC-Wi-Fi-Bluetooth-STM32.1.6.0,STMicroelectronics.X-CUBE-BLE1.7.0.0
2025-06-25 14:37:46,834 [INFO] AnalyticsPlugin:257 - Accepted Firmware Licenses: FW.G0.1.6.0,FW.WB.1.19.0,FW.WB.1.21.0
2025-06-25 14:37:46,838 [INFO] PluginManage:359 - Loaded plugin analytics (category:tool,tabindex:-1)
2025-06-25 14:37:46,838 [INFO] PluginManage:310 - Check plugin cadmodel
2025-06-25 14:37:46,844 [INFO] CADModel:105 - Init CAD model plugin
2025-06-25 14:37:46,844 [INFO] PluginManage:359 - Loaded plugin cadmodel (category:power,tabindex:5)
2025-06-25 14:37:46,845 [INFO] PluginManage:310 - Check plugin clock
2025-06-25 14:37:46,855 [INFO] PluginManage:359 - Loaded plugin clock (category:base,tabindex:2)
2025-06-25 14:37:46,855 [INFO] PluginManage:310 - Check plugin ddr
2025-06-25 14:37:46,858 [INFO] PluginManage:359 - Loaded plugin ddr (category:tool,tabindex:6)
2025-06-25 14:37:46,858 [INFO] PluginManage:310 - Check plugin filemanager
2025-06-25 14:37:47,074 [INFO] PluginManage:359 - Loaded plugin filemanager (category:base,tabindex:10)
2025-06-25 14:37:47,074 [INFO] PluginManage:310 - Check plugin ipmanager
2025-06-25 14:37:47,081 [INFO] PluginManage:359 - Loaded plugin ipmanager (category:base,tabindex:5)
2025-06-25 14:37:47,082 [INFO] PluginManage:310 - Check plugin lpbam
2025-06-25 14:37:47,097 [INFO] PluginManage:359 - Loaded plugin lpbam (category:base,tabindex:0)
2025-06-25 14:37:47,098 [INFO] PluginManage:310 - Check plugin memorymap
2025-06-25 14:37:47,119 [INFO] PluginManage:359 - Loaded plugin memorymap (category:base,tabindex:4)
2025-06-25 14:37:47,119 [INFO] PluginManage:310 - Check plugin pinoutandconfiguration
2025-06-25 14:37:47,133 [INFO] PluginManage:359 - Loaded plugin pinoutandconfiguration (category:base,tabindex:1)
2025-06-25 14:37:47,133 [INFO] PluginManage:310 - Check plugin pinoutconfig
2025-06-25 14:37:47,247 [WARN] SupportedApi:132 - Cannot load RTOS API schema: s4s-elt-must-match.1: The content of 'definitions' must match (annotation?, (simpleType | complexType)?, (unique | key | keyref)*)). A problem was found starting at: attribute.
2025-06-25 14:37:47,424 [INFO] PluginManage:359 - Loaded plugin pinoutconfig (category:base,tabindex:0)
2025-06-25 14:37:47,425 [INFO] PluginManage:310 - Check plugin power
2025-06-25 14:37:47,435 [INFO] PluginManage:359 - Loaded plugin power (category:power,tabindex:4)
2025-06-25 14:37:47,435 [INFO] PluginManage:310 - Check plugin projectmanager
2025-06-25 14:37:47,450 [INFO] PluginManage:359 - Loaded plugin projectmanager (category:projectmanager,tabindex:4)
2025-06-25 14:37:47,450 [INFO] PluginManage:310 - Check plugin rif
2025-06-25 14:37:47,459 [INFO] PluginManage:359 - Loaded plugin rif (category:base,tabindex:3)
2025-06-25 14:37:47,459 [INFO] PluginManage:310 - Check plugin thirdparty
2025-06-25 14:37:47,594 [INFO] PluginManage:359 - Loaded plugin thirdparty (category:base,tabindex:-1)
2025-06-25 14:37:47,594 [WARN] IntegrityCheckThread:84 - waiting for thirdparty lock release [integrity check]
2025-06-25 14:37:47,594 [INFO] PluginManage:310 - Check plugin tools
2025-06-25 14:37:47,594 [INFO] IntegrityCheckThread:86 - entering critical section [integrity check]
2025-06-25 14:37:47,594 [INFO] ThirdPartyUpdaterWithRetryManager:70 - Updater plugin not ready yet. [1/15]
2025-06-25 14:37:47,596 [INFO] PluginManage:359 - Loaded plugin tools (category:base,tabindex:7)
2025-06-25 14:37:47,597 [INFO] PluginManage:310 - Check plugin tutovideos
2025-06-25 14:37:47,877 [INFO] PluginManage:359 - Loaded plugin tutovideos (category:base,tabindex:-1)
2025-06-25 14:37:47,877 [INFO] PluginManage:310 - Check plugin updater
2025-06-25 14:37:47,907 [INFO] PluginManage:359 - Loaded plugin updater (category:base,tabindex:12)
2025-06-25 14:37:47,908 [INFO] PluginManage:310 - Check plugin userauth
2025-06-25 14:37:47,912 [INFO] UserAuth:118 - Init User Auth plugin
2025-06-25 14:37:47,913 [INFO] PluginManage:359 - Loaded plugin userauth (category:base,tabindex:14)
2025-06-25 14:37:47,913 [INFO] PluginManage:283 - PluginManage : Loaded plugins [18]
2025-06-25 14:37:48,112 [INFO] PinOutPanel:1589 - setPackage(No Configuration,No Configuration)
2025-06-25 14:37:48,189 [INFO] CADModel:165 - CPN selected for project level
2025-06-25 14:37:48,189 [INFO] CADModel:114 - Register for checkConnection events
2025-06-25 14:37:48,204 [INFO] IPUIPlugin:80 - create IPUIPlugin
2025-06-25 14:37:48,205 [INFO] PluginManager:220 - loadIPPluginJar : add mdma
2025-06-25 14:37:48,213 [INFO] IPUIPlugin:80 - create IPUIPlugin
2025-06-25 14:37:48,213 [INFO] PluginManager:220 - loadIPPluginJar : add freertos
2025-06-25 14:37:48,219 [INFO] IPUIPlugin:80 - create IPUIPlugin
2025-06-25 14:37:48,219 [INFO] PluginManager:220 - loadIPPluginJar : add gic
2025-06-25 14:37:48,232 [INFO] IPUIPlugin:80 - create IPUIPlugin
2025-06-25 14:37:48,232 [INFO] PluginManager:220 - loadIPPluginJar : add adc
2025-06-25 14:37:48,235 [INFO] IPUIPlugin:80 - create IPUIPlugin
2025-06-25 14:37:48,235 [INFO] PluginManager:220 - loadIPPluginJar : add gtzc
2025-06-25 14:37:48,237 [INFO] IPUIPlugin:80 - create IPUIPlugin
2025-06-25 14:37:48,237 [INFO] PluginManager:220 - loadIPPluginJar : add quadspi
2025-06-25 14:37:48,240 [INFO] IPUIPlugin:80 - create IPUIPlugin
2025-06-25 14:37:48,240 [INFO] PluginManager:220 - loadIPPluginJar : add aes
2025-06-25 14:37:48,243 [INFO] IPUIPlugin:80 - create IPUIPlugin
2025-06-25 14:37:48,243 [INFO] PluginManager:220 - loadIPPluginJar : add pdm2pcm
2025-06-25 14:37:48,245 [INFO] IPUIPlugin:80 - create IPUIPlugin
2025-06-25 14:37:48,246 [INFO] PluginManager:220 - loadIPPluginJar : add hash
2025-06-25 14:37:48,247 [INFO] IPUIPlugin:80 - create IPUIPlugin
2025-06-25 14:37:48,247 [INFO] PluginManager:220 - loadIPPluginJar : add tim
2025-06-25 14:37:48,249 [INFO] IPUIPlugin:80 - create IPUIPlugin
2025-06-25 14:37:48,249 [INFO] PluginManager:220 - loadIPPluginJar : add tsc
2025-06-25 14:37:48,253 [INFO] IPUIPlugin:80 - create IPUIPlugin
2025-06-25 14:37:48,253 [INFO] PluginManager:220 - loadIPPluginJar : add extmemmanager
2025-06-25 14:37:48,255 [INFO] IPUIPlugin:80 - create IPUIPlugin
2025-06-25 14:37:48,255 [INFO] PluginManager:220 - loadIPPluginJar : add ts
2025-06-25 14:37:48,257 [INFO] IPUIPlugin:80 - create IPUIPlugin
2025-06-25 14:37:48,259 [INFO] PluginManager:220 - loadIPPluginJar : add radio
2025-06-25 14:37:48,262 [INFO] IPUIPlugin:80 - create IPUIPlugin
2025-06-25 14:37:48,262 [INFO] PluginManager:220 - loadIPPluginJar : add can
2025-06-25 14:37:48,264 [INFO] IPUIPlugin:80 - create IPUIPlugin
2025-06-25 14:37:48,264 [INFO] PluginManager:220 - loadIPPluginJar : add dma3
2025-06-25 14:37:48,267 [INFO] IPUIPlugin:80 - create IPUIPlugin
2025-06-25 14:37:48,267 [INFO] PluginManager:220 - loadIPPluginJar : add dfsdm
2025-06-25 14:37:48,270 [INFO] IPUIPlugin:80 - create IPUIPlugin
2025-06-25 14:37:48,270 [INFO] PluginManager:220 - loadIPPluginJar : add spi
2025-06-25 14:37:48,272 [INFO] IPUIPlugin:80 - create IPUIPlugin
2025-06-25 14:37:48,272 [INFO] PluginManager:220 - loadIPPluginJar : add gfxmmu
2025-06-25 14:37:48,274 [INFO] IPUIPlugin:80 - create IPUIPlugin
2025-06-25 14:37:48,274 [INFO] PluginManager:220 - loadIPPluginJar : add genericplugin
2025-06-25 14:37:48,277 [INFO] IPUIPlugin:80 - create IPUIPlugin
2025-06-25 14:37:48,277 [INFO] PluginManager:220 - loadIPPluginJar : add cryp
2025-06-25 14:37:48,282 [INFO] IPUIPlugin:80 - create IPUIPlugin
2025-06-25 14:37:48,282 [INFO] PluginManager:220 - loadIPPluginJar : add gpio
2025-06-25 14:37:48,285 [INFO] IPUIPlugin:80 - create IPUIPlugin
2025-06-25 14:37:48,286 [INFO] PluginManager:220 - loadIPPluginJar : add ddr_ctrl_phy
2025-06-25 14:37:48,288 [INFO] IPUIPlugin:80 - create IPUIPlugin
2025-06-25 14:37:48,288 [INFO] PluginManager:220 - loadIPPluginJar : add comp
2025-06-25 14:37:48,290 [INFO] IPUIPlugin:80 - create IPUIPlugin
2025-06-25 14:37:48,290 [INFO] PluginManager:220 - loadIPPluginJar : add tracer_emb
2025-06-25 14:37:48,293 [INFO] IPUIPlugin:80 - create IPUIPlugin
2025-06-25 14:37:48,293 [INFO] PluginManager:220 - loadIPPluginJar : add openamp
2025-06-25 14:37:48,300 [INFO] IPUIPlugin:80 - create IPUIPlugin
2025-06-25 14:37:48,300 [INFO] PluginManager:220 - loadIPPluginJar : add stm32_wpan
2025-06-25 14:37:48,307 [INFO] IPUIPlugin:80 - create IPUIPlugin
2025-06-25 14:37:48,309 [INFO] PluginManager:220 - loadIPPluginJar : add plateformsettings
2025-06-25 14:37:48,313 [INFO] IPUIPlugin:80 - create IPUIPlugin
2025-06-25 14:37:48,313 [INFO] PluginManager:220 - loadIPPluginJar : add ipddr
2025-06-25 14:37:48,317 [INFO] IPUIPlugin:80 - create IPUIPlugin
2025-06-25 14:37:48,317 [INFO] PluginManager:220 - loadIPPluginJar : add usart
2025-06-25 14:37:48,318 [INFO] IPUIPlugin:80 - create IPUIPlugin
2025-06-25 14:37:48,318 [INFO] PluginManager:220 - loadIPPluginJar : add ltdc
2025-06-25 14:37:48,323 [INFO] IPUIPlugin:80 - create IPUIPlugin
2025-06-25 14:37:48,323 [INFO] PluginManager:220 - loadIPPluginJar : add nvic
2025-06-25 14:37:48,325 [INFO] IPUIPlugin:80 - create IPUIPlugin
2025-06-25 14:37:48,325 [INFO] PluginManager:220 - loadIPPluginJar : add fatfs
2025-06-25 14:37:48,333 [INFO] IPUIPlugin:80 - create IPUIPlugin
2025-06-25 14:37:48,333 [INFO] PluginManager:220 - loadIPPluginJar : add linkedlist
2025-06-25 14:37:48,340 [INFO] IPUIPlugin:80 - create IPUIPlugin
2025-06-25 14:37:48,340 [INFO] PluginManager:220 - loadIPPluginJar : add dma
2025-06-25 14:37:48,345 [INFO] IPUIPlugin:80 - create IPUIPlugin
2025-06-25 14:37:48,345 [INFO] PluginManager:220 - loadIPPluginJar : add fmc
2025-06-25 14:37:48,348 [INFO] IPUIPlugin:80 - create IPUIPlugin
2025-06-25 14:37:48,348 [INFO] PluginManager:220 - loadIPPluginJar : add i2s
2025-06-25 14:37:48,350 [INFO] IPUIPlugin:80 - create IPUIPlugin
2025-06-25 14:37:48,350 [INFO] PluginManager:220 - loadIPPluginJar : add ucpd
2025-06-25 14:37:48,352 [INFO] IPUIPlugin:80 - create IPUIPlugin
2025-06-25 14:37:48,352 [INFO] PluginManager:220 - loadIPPluginJar : add lorawan
2025-06-25 14:37:48,355 [INFO] IPUIPlugin:80 - create IPUIPlugin
2025-06-25 14:37:48,355 [INFO] PluginManager:220 - loadIPPluginJar : add opamp
2025-06-25 14:37:48,358 [INFO] IPUIPlugin:80 - create IPUIPlugin
2025-06-25 14:37:48,358 [INFO] PluginManager:220 - loadIPPluginJar : add i3c
2025-06-25 14:37:48,362 [INFO] IPUIPlugin:80 - create IPUIPlugin
2025-06-25 14:37:48,362 [INFO] PluginManager:220 - loadIPPluginJar : add touchsensing
2025-06-25 14:37:48,365 [INFO] IPUIPlugin:80 - create IPUIPlugin
2025-06-25 14:37:48,366 [INFO] PluginManager:220 - loadIPPluginJar : add i2c
2025-06-25 14:37:48,370 [INFO] IPUIPlugin:80 - create IPUIPlugin
2025-06-25 14:37:48,370 [INFO] PluginManager:220 - loadIPPluginJar : add resmgrutility
2025-06-25 14:37:48,373 [INFO] IPUIPlugin:80 - create IPUIPlugin
2025-06-25 14:37:48,373 [INFO] PluginManager:220 - loadIPPluginJar : add sai
2025-06-25 14:37:48,377 [INFO] IPUIPlugin:80 - create IPUIPlugin
2025-06-25 14:37:48,377 [INFO] PluginManager:220 - loadIPPluginJar : add usbx
2025-06-25 14:37:48,482 [FATAL] Updater:351 - Updater called before beeing initialized
2025-06-25 14:37:48,512 [INFO] RulesReader:64 - Compatibility file has been processed (302 Rules)
2025-06-25 14:37:48,522 [INFO] RulesReader:64 - Compatibility file has been processed (302 Rules)
2025-06-25 14:37:48,528 [INFO] CADModel:165 - CPN selected for project level
2025-06-25 14:37:48,529 [INFO] CADModel:114 - Register for checkConnection events
2025-06-25 14:37:48,529 [FATAL] Updater:351 - Updater called before beeing initialized
2025-06-25 14:37:48,529 [ERROR] CADModel:125 - Updater not yet initialized, retry later 
2025-06-25 14:37:48,734 [FATAL] Updater:351 - Updater called before beeing initialized
2025-06-25 14:37:48,737 [INFO] CADModel:165 - CPN selected for project level
2025-06-25 14:37:48,737 [INFO] CADModel:114 - Register for checkConnection events
2025-06-25 14:37:48,737 [FATAL] Updater:351 - Updater called before beeing initialized
2025-06-25 14:37:48,737 [ERROR] CADModel:125 - Updater not yet initialized, retry later 
2025-06-25 14:37:48,741 [FATAL] Updater:351 - Updater called before beeing initialized
2025-06-25 14:37:48,825 [FATAL] Updater:351 - Updater called before beeing initialized
2025-06-25 14:37:48,830 [INFO] DbMcusAds:53 - JSON generation date=Wed May 07 12:07:55 EEST 2025 (1746608875187)
2025-06-25 14:37:48,830 [FATAL] Updater:351 - Updater called before beeing initialized
2025-06-25 14:37:48,904 [WARN] DetailPanel:346 - Failed to get advertising image, set to default
2025-06-25 14:37:49,186 [FATAL] Updater:351 - Updater called before beeing initialized
2025-06-25 14:37:49,188 [FATAL] Updater:351 - Updater called before beeing initialized
2025-06-25 14:37:49,188 [FATAL] Updater:351 - Updater called before beeing initialized
2025-06-25 14:37:49,188 [WARN] DetailPanel:346 - Failed to get advertising image, set to default
2025-06-25 14:37:49,189 [FATAL] Updater:351 - Updater called before beeing initialized
2025-06-25 14:37:49,222 [ERROR] Updater:1198 - MainUpdater not yet initialized. External WinMGr cannot be set.
2025-06-25 14:37:49,224 [INFO] Updater:1134 - Updater Version found : 6.14.1
2025-06-25 14:37:49,248 [INFO] ApplicationProperties:184 - Using Application install path: /Applications/STM32CubeIDE.app/Contents/Eclipse/plugins/com.st.stm32cube.common.mx_6.14.1.202504091515
2025-06-25 14:37:49,759 [INFO] MainUpdater:2872 - connection check result : 10
2025-06-25 14:37:49,760 [INFO] MainUpdater:3566 - Updater definition file requires update
2025-06-25 14:37:49,760 [INFO] MainUpdater:289 - Updater Check For Update Now.
2025-06-25 14:37:49,760 [INFO] MicroXplorer:498 - Change Database Version : DB.6.0.141
2025-06-25 14:37:49,767 [INFO] McuFinderGlobals:63 - Set McuFinder mode to 2 (CubeIDE integrated)
2025-06-25 14:37:49,768 [INFO] UserAuth:171 - activating auth plugin
2025-06-25 14:37:49,771 [INFO] UserAuth:484 - Internet connection configuration mode: 1
2025-06-25 14:37:49,801 [INFO] JxBrowserEngine:152 - Initiate JxBrowser Engine with user profile folder
2025-06-25 14:37:50,053 [INFO] ServerAccessManage:473 - Download File updaters.zip
2025-06-25 14:37:50,598 [WARN] MainUpdater:1193 - Updater busy. Cannot search thirdparties
2025-06-25 14:37:50,598 [INFO] ThirdPartyUpdaterWithRetryManager:96 - Updater plugin is busy. [1/15]
2025-06-25 14:37:50,902 [INFO] FileExtend:242 - Unzip File : updaters.zip
2025-06-25 14:37:50,902 [INFO] FileExtend:257 - Standard Zip Deflate
2025-06-25 14:37:51,335 [INFO] ServerAccessManage:473 - Download File PacksControlFlags.xml
2025-06-25 14:37:51,580 [INFO] ServerAccessManage:473 - Download File cubemx.pidx
2025-06-25 14:37:51,925 [INFO] WebApp:169 - Instantiating new browser for Auth
2025-06-25 14:37:52,332 [INFO] ServerAccessManage:473 - Download File STMicroelectronics.FP-SNS-STAIOTCFT.pdsc
2025-06-25 14:37:53,335 [INFO] ServerAccessManage:473 - Download File STMicroelectronics.X-CUBE-ST67W61.pdsc
2025-06-25 14:37:53,505 [INFO] WebApp:463 - Apply proxy settings
2025-06-25 14:37:53,511 [INFO] WebApp:508 - Chromium authenticates against Manually configured proxy
2025-06-25 14:37:53,537 [INFO] WebApp:516 - Username used for proxy authentication: 
2025-06-25 14:37:53,596 [INFO] ServerAccessManage:473 - Download File STMicroelectronics.X-CUBE-PM33A1.pdsc
2025-06-25 14:37:53,601 [WARN] MainUpdater:1193 - Updater busy. Cannot search thirdparties
2025-06-25 14:37:53,601 [INFO] ThirdPartyUpdaterWithRetryManager:96 - Updater plugin is busy. [2/15]
2025-06-25 14:37:53,627 [INFO] WebApp:894 - Register for checkConnection events
2025-06-25 14:37:53,627 [INFO] WebApp:463 - Apply proxy settings
2025-06-25 14:37:53,630 [INFO] WebApp:508 - Chromium authenticates against Manually configured proxy
2025-06-25 14:37:53,632 [INFO] WebApp:516 - Username used for proxy authentication: 
2025-06-25 14:37:53,927 [INFO] WebApp:191 - Connection restablished
2025-06-25 14:37:54,124 [INFO] WebApp:225 - Starting web application
2025-06-25 14:37:54,125 [INFO] WebApp:593 - Web application path used /Applications/STM32CubeIDE.app/Contents/Eclipse/plugins/com.st.stm32cube.common.mx_6.14.1.202504091515/db/plugins/mcufinder/reactClient1/index.html
2025-06-25 14:37:54,636 [WARN] PackLoader:240 - Cannot read IP mode file for STMicroelectronics.FP-SNS-STAIOTCFT.1.0.0
2025-06-25 14:37:54,653 [WARN] PackLoader:240 - Cannot read IP mode file for STMicroelectronics.X-CUBE-ST67W61.1.0.0
2025-06-25 14:37:54,664 [WARN] PackLoader:240 - Cannot read IP mode file for STMicroelectronics.X-CUBE-PM33A1.1.0.0
2025-06-25 14:37:54,666 [INFO] PopulateThirdPartyThread:66 - Ending populate Thread
2025-06-25 14:37:54,669 [INFO] ThirdParty:1030 - CMSIS Pack Vendor :STMicroelectronics X-CUBE-ST67W61 1.0.0
2025-06-25 14:37:54,669 [INFO] ThirdParty:1030 - CMSIS Pack Vendor :STMicroelectronics X-CUBE-PM33A1 1.0.0
2025-06-25 14:37:54,669 [INFO] ThirdParty:1030 - CMSIS Pack Vendor :STMicroelectronics FP-SNS-STAIOTCFT 1.0.0
2025-06-25 14:37:54,669 [INFO] LoadServerUpdatesThread:375 - End of LoadServerUpdate Thread
2025-06-25 14:37:54,776 [INFO] CheckServerUpdateThread:120 - End of CheckServer Thread
2025-06-25 14:37:56,842 [WARN] PackLoader:240 - Cannot read IP mode file for STMicroelectronics.FP-SNS-MOTENVWB1.1.4.0
2025-06-25 14:37:56,848 [WARN] PackLoader:240 - Cannot read IP mode file for STMicroelectronics.FP-ATR-ASTRA1.2.0.2
2025-06-25 14:37:56,851 [WARN] PackLoader:240 - Cannot read IP mode file for STMicroelectronics.FP-ATR-ASTRA1.2.0.1
2025-06-25 14:37:56,862 [WARN] PackLoader:240 - Cannot read IP mode file for STMicroelectronics.X-CUBE-SMBUS.2.1.0
2025-06-25 14:37:56,871 [WARN] PackLoader:240 - Cannot read IP mode file for STMicroelectronics.X-CUBE-WB05N.1.1.0
2025-06-25 14:37:56,880 [WARN] PackLoader:240 - Cannot read IP mode file for STMicroelectronics.X-CUBE-ST60.1.0.0
2025-06-25 14:37:56,887 [WARN] PackLoader:240 - Cannot read IP mode file for STMicroelectronics.X-CUBE-TOUCHGFX.4.23.2
2025-06-25 14:37:56,920 [WARN] PackLoader:240 - Cannot read IP mode file for STMicroelectronics.X-CUBE-AZRTOS-F7.1.1.0
2025-06-25 14:37:56,933 [WARN] PackLoader:240 - Cannot read IP mode file for STMicroelectronics.FP-SNS-MOTENV1.4.3.2
2025-06-25 14:37:57,016 [WARN] PackLoader:240 - Cannot read IP mode file for STMicroelectronics.X-CUBE-MEMS1.11.0.0
2025-06-25 14:37:57,267 [WARN] PackLoader:240 - Cannot read IP mode file for STMicroelectronics.FP-SNS-FLIGHT1.5.0.2
2025-06-25 14:37:57,275 [WARN] PackLoader:240 - Cannot read IP mode file for STMicroelectronics.X-CUBE-DISPLAY.3.0.0
2025-06-25 14:37:57,286 [WARN] PackLoader:240 - Cannot read IP mode file for STMicroelectronics.X-CUBE-BLE1.7.0.0
2025-06-25 14:37:57,360 [WARN] PackLoader:240 - Cannot read IP mode file for STMicroelectronics.X-CUBE-NFC10.1.0.0
2025-06-25 14:37:57,378 [WARN] PackLoader:240 - Cannot read IP mode file for STMicroelectronics.X-CUBE-BLEMGR.4.0.0
2025-06-25 14:37:57,394 [WARN] PackLoader:240 - Cannot read IP mode file for emotas.I-CUBE-CANOPEN.1.3.0
2025-06-25 14:37:57,411 [WARN] PackLoader:240 - Cannot read IP mode file for STMicroelectronics.X-CUBE-BLEMGR.3.1.0
2025-06-25 14:37:57,419 [WARN] PackLoader:240 - Cannot read IP mode file for STMicroelectronics.X-CUBE-AI.10.0.0
2025-06-25 14:37:57,432 [WARN] PackLoader:240 - Cannot read IP mode file for STMicroelectronics.FP-SNS-SMARTAG2.1.2.0
2025-06-25 14:37:57,449 [WARN] PackLoader:240 - Cannot read IP mode file for STMicroelectronics.FP-SNS-FLIGHT1.5.1.0
2025-06-25 14:37:57,547 [WARN] PackLoader:240 - Cannot read IP mode file for STMicroelectronics.X-CUBE-MEMS1.11.1.0
2025-06-25 14:37:57,705 [INFO] LogOutputStream:77 - [STDOUT_REDIRECT] 1 : Invalid condition id : UX_CORESTACK_Condition cause : null
2025-06-25 14:37:57,706 [INFO] LogOutputStream:77 - [STDOUT_REDIRECT] 1 : Invalid condition id : UX_CORESTACK_Condition cause : null
2025-06-25 14:37:57,707 [INFO] LogOutputStream:77 - [STDOUT_REDIRECT] 1 : Invalid condition id : UX_CORESTACK_Condition cause : null
2025-06-25 14:37:57,707 [INFO] LogOutputStream:77 - [STDOUT_REDIRECT] 1 : Invalid condition id : UX_CORESTACK_Condition cause : null
2025-06-25 14:37:57,707 [INFO] LogOutputStream:77 - [STDOUT_REDIRECT] 1 : Invalid condition id : UX_CORESTACK_Condition cause : null
2025-06-25 14:37:57,712 [WARN] PackLoader:240 - Cannot read IP mode file for STMicroelectronics.X-CUBE-AZRTOS-WL.2.0.0
2025-06-25 14:37:57,717 [WARN] PackLoader:240 - Cannot read IP mode file for STMicroelectronics.FP-SNS-MOTENV1.5.0.0
2025-06-25 14:37:57,722 [WARN] PackLoader:240 - Cannot read IP mode file for wolfSSL.I-CUBE-wolfMQTT.1.19.0
2025-06-25 14:37:57,729 [WARN] PackLoader:240 - Cannot read IP mode file for WES.I-CUBE-Cesium.1.3.0
2025-06-25 14:37:57,733 [WARN] PackLoader:240 - Cannot read IP mode file for STMicroelectronics.X-CUBE-BLE2.3.3.0
2025-06-25 14:37:57,740 [WARN] PackLoader:240 - Cannot read IP mode file for STMicroelectronics.X-CUBE-NFC9.1.0.0
2025-06-25 14:37:57,747 [WARN] PackLoader:240 - Cannot read IP mode file for STMicroelectronics.X-CUBE-BLE1.7.1.0
2025-06-25 14:37:57,754 [WARN] PackLoader:240 - Cannot read IP mode file for STMicroelectronics.X-CUBE-TCPP.4.1.0
2025-06-25 14:37:57,759 [WARN] PackLoader:240 - Cannot read IP mode file for STMicroelectronics.X-CUBE-AI.10.1.0
2025-06-25 14:37:57,764 [WARN] PackLoader:240 - Cannot read IP mode file for STMicroelectronics.X-CUBE-ALGOBUILD.1.3.0
2025-06-25 14:37:57,829 [WARN] PackLoader:240 - Cannot read IP mode file for STMicroelectronics.X-CUBE-MEMS1.11.2.0
2025-06-25 14:37:58,006 [WARN] PackLoader:240 - Cannot read IP mode file for STMicroelectronics.X-CUBE-AZRTOS-G0.1.1.0
2025-06-25 14:37:58,015 [WARN] PackLoader:240 - Cannot read IP mode file for STMicroelectronics.X-CUBE-SAFEA1.1.2.2
2025-06-25 14:37:58,022 [WARN] PackLoader:240 - Cannot read IP mode file for STMicroelectronics.X-CUBE-NFC4.3.0.0
2025-06-25 14:37:58,032 [WARN] PackLoader:240 - Cannot read IP mode file for EmbeddedOffice.I-CUBE-FS-RTOS.1.0.1
2025-06-25 14:37:58,036 [WARN] PackLoader:240 - Cannot read IP mode file for STMicroelectronics.X-CUBE-WB05N.2.0.0
2025-06-25 14:37:58,043 [WARN] PackLoader:240 - Cannot read IP mode file for STMicroelectronics.X-CUBE-TCPP.4.2.0
2025-06-25 14:37:58,051 [WARN] PackLoader:240 - Cannot read IP mode file for RealThread.X-CUBE-RT-Thread_Nano.4.1.1
2025-06-25 14:37:58,055 [WARN] PackLoader:240 - Cannot read IP mode file for wolfSSL.I-CUBE-wolfSSL.5.7.0
2025-06-25 14:37:58,060 [WARN] PackLoader:240 - Cannot read IP mode file for STMicroelectronics.FP-ATR-SIGFOX1.3.2.0
2025-06-25 14:37:58,063 [WARN] ConditionMgr:438 - getConditionDescription Invalid condition id : Cortex-A Device cause : null
2025-06-25 14:37:58,070 [WARN] ConditionMgr:1044 - genDependencies : Invalid condition id : Cortex-A Device cause : null
2025-06-25 14:37:58,070 [WARN] ConditionMgr:1044 - genDependencies : Invalid condition id : Cortex-A Device cause : null
2025-06-25 14:37:58,070 [WARN] ConditionMgr:1044 - genDependencies : Invalid condition id : Cortex-A Device cause : null
2025-06-25 14:37:58,078 [WARN] PackLoader:240 - Cannot read IP mode file for STMicroelectronics.X-CUBE-EEPRMA1.5.1.0
2025-06-25 14:37:58,087 [WARN] PackLoader:240 - Cannot read IP mode file for ITTIA_DB.I-CUBE-ITTIADB.8.9.0
2025-06-25 14:37:58,091 [WARN] PackLoader:240 - Cannot read IP mode file for STMicroelectronics.X-CUBE-ST67W61.1.0.0
2025-06-25 14:37:58,124 [WARN] PackLoader:240 - Cannot read IP mode file for SEGGER.I-CUBE-embOS.1.3.1
2025-06-25 14:37:58,167 [WARN] PackLoader:240 - Cannot read IP mode file for STMicroelectronics.X-CUBE-ALGOBUILD.1.4.0
2025-06-25 14:37:58,171 [WARN] PackLoader:240 - Cannot read IP mode file for STMicroelectronics.X-CUBE-AI.9.1.0
2025-06-25 14:37:58,175 [WARN] PackLoader:240 - Cannot read IP mode file for STMicroelectronics.X-CUBE-PM33A1.1.0.0
2025-06-25 14:37:58,180 [WARN] PackLoader:240 - Cannot read IP mode file for STMicroelectronics.X-CUBE-GNSS1.6.0.0
2025-06-25 14:37:58,199 [WARN] PackLoader:240 - Cannot read IP mode file for STMicroelectronics.X-CUBE-AZRTOS-F4.1.1.0
2025-06-25 14:37:58,204 [WARN] PackLoader:240 - Cannot read IP mode file for Avnet-IotConnect.X-CUBE-IoTC-DA16k-PMOD.1.0.0
2025-06-25 14:37:58,208 [WARN] PackLoader:240 - Cannot read IP mode file for STMicroelectronics.X-CUBE-ISPU.2.1.0
2025-06-25 14:37:58,213 [WARN] PackLoader:240 - Cannot read IP mode file for STMicroelectronics.X-CUBE-FREERTOS.1.2.0
2025-06-25 14:37:58,229 [WARN] PackLoader:240 - Cannot read IP mode file for STMicroelectronics.X-CUBE-AZRTOS-L5.2.0.0
2025-06-25 14:37:58,238 [WARN] PackLoader:240 - Cannot read IP mode file for STMicroelectronics.X-CUBE-NFC6.3.1.0
2025-06-25 14:37:58,246 [WARN] PackLoader:240 - Cannot read IP mode file for STMicroelectronics.X-CUBE-DPower.1.2.0
2025-06-25 14:37:58,250 [WARN] PackLoader:240 - Cannot read IP mode file for STMicroelectronics.X-CUBE-AI.9.0.0
2025-06-25 14:37:58,255 [WARN] PackLoader:240 - Cannot read IP mode file for STMicroelectronics.X-CUBE-FREERTOS.1.3.1
2025-06-25 14:37:58,260 [WARN] PackLoader:240 - Cannot read IP mode file for STMicroelectronics.X-CUBE-FREERTOS.1.3.0
2025-06-25 14:37:58,265 [WARN] PackLoader:240 - Cannot read IP mode file for STMicroelectronics.X-CUBE-NFC7.1.0.1
2025-06-25 14:37:58,269 [WARN] PackLoader:240 - Cannot read IP mode file for wolfSSL.I-CUBE-wolfTPM.3.2.0
2025-06-25 14:37:58,274 [WARN] PackLoader:240 - Cannot read IP mode file for STMicroelectronics.FP-SNS-STAIOTCFT.1.0.0
2025-06-25 14:37:58,279 [WARN] PackLoader:240 - Cannot read IP mode file for STMicroelectronics.X-CUBE-DPower.1.3.0
2025-06-25 14:37:58,283 [WARN] PackLoader:240 - Cannot read IP mode file for STMicroelectronics.X-CUBE-AI.8.1.0
2025-06-25 14:37:58,301 [WARN] ConditionMgr:438 - getConditionDescription Invalid condition id : LAN8742 Phy interface Condition cause : null
2025-06-25 14:37:58,302 [WARN] PackLoader:240 - Cannot read IP mode file for STMicroelectronics.X-CUBE-AZRTOS-L4.2.0.0
2025-06-25 14:37:58,303 [WARN] ConditionMgr:1044 - genDependencies : Invalid condition id : LAN8742 Phy interface Condition cause : null
2025-06-25 14:37:58,303 [WARN] ConditionMgr:1044 - genDependencies : Invalid condition id : LAN8742 Phy interface Condition cause : null
2025-06-25 14:37:58,304 [WARN] ConditionMgr:1044 - genDependencies : Invalid condition id : LAN8742 Phy interface Condition cause : null
2025-06-25 14:37:58,312 [WARN] PackLoader:240 - Cannot read IP mode file for STMicroelectronics.X-CUBE-SFXS2LP1.4.0.0
2025-06-25 14:37:58,333 [WARN] PackLoader:240 - Cannot read IP mode file for STMicroelectronics.X-CUBE-AZRTOS-H7.3.3.0
2025-06-25 14:37:58,348 [WARN] PackLoader:240 - Cannot read IP mode file for STMicroelectronics.X-CUBE-IPS.3.0.0
2025-06-25 14:37:58,364 [WARN] ConditionMgr:438 - getConditionDescription Invalid condition id : UX DEVICE CLASS RTOS Condition cause : null
2025-06-25 14:37:58,364 [WARN] ConditionMgr:438 - getConditionDescription Invalid condition id : UX DEVICE CLASS RTOS Condition cause : null
2025-06-25 14:37:58,367 [WARN] PackLoader:240 - Cannot read IP mode file for STMicroelectronics.X-CUBE-AZRTOS-WB.2.0.0
2025-06-25 14:37:58,367 [WARN] ConditionMgr:1044 - genDependencies : Invalid condition id : UX DEVICE CLASS RTOS Condition cause : null
2025-06-25 14:37:58,367 [WARN] ConditionMgr:1044 - genDependencies : Invalid condition id : UX DEVICE CLASS RTOS Condition cause : null
2025-06-25 14:37:58,368 [WARN] ConditionMgr:1044 - genDependencies : Invalid condition id : UX DEVICE CLASS RTOS Condition cause : null
2025-06-25 14:37:58,368 [WARN] ConditionMgr:1044 - genDependencies : Invalid condition id : UX DEVICE CLASS RTOS Condition cause : null
2025-06-25 14:37:58,368 [WARN] ConditionMgr:1044 - genDependencies : Invalid condition id : UX DEVICE CLASS RTOS Condition cause : null
2025-06-25 14:37:58,374 [WARN] PackLoader:240 - Cannot read IP mode file for STMicroelectronics.X-CUBE-GNSS1.7.0.0
2025-06-25 14:37:58,397 [WARN] PackLoader:240 - Cannot read IP mode file for STMicroelectronics.X-CUBE-GNSS1.7.0.1
2025-06-25 14:37:58,402 [WARN] PackLoader:240 - Cannot read IP mode file for STMicroelectronics.X-CUBE-TOUCHGFX.4.25.0
2025-06-25 14:37:58,409 [WARN] PackLoader:240 - Cannot read IP mode file for STMicroelectronics.FP-SNS-STBOX1.2.0.0
2025-06-25 14:37:58,427 [WARN] PackLoader:240 - Cannot read IP mode file for STMicroelectronics.X-CUBE-SUBG2.5.0.0
2025-06-25 14:37:58,462 [WARN] PackLoader:240 - Cannot read IP mode file for STMicroelectronics.X-CUBE-AZRTOS-H7RS.1.1.0
2025-06-25 14:37:58,469 [WARN] PackLoader:240 - Cannot read IP mode file for Cesanta.I-CUBE-Mongoose.7.13.0
2025-06-25 14:37:58,487 [WARN] PackLoader:240 - Cannot read IP mode file for STMicroelectronics.X-CUBE-AZRTOS-G4.2.0.0
2025-06-25 14:37:58,495 [WARN] PackLoader:240 - Cannot read IP mode file for STMicroelectronics.X-CUBE-NFC7.2.0.0
2025-06-25 14:37:58,500 [WARN] PackLoader:240 - Cannot read IP mode file for STMicroelectronics.FP-SNS-MOTENVWB1.1.3.1
2025-06-25 14:37:58,503 [WARN] PackLoader:240 - Cannot read IP mode file for STMicroelectronics.X-CUBE-ISPU.2.0.0
2025-06-25 14:37:58,518 [WARN] PackLoader:240 - Cannot read IP mode file for STMicroelectronics.X-CUBE-IPS.3.1.0
2025-06-25 14:37:58,530 [WARN] PackLoader:240 - Cannot read IP mode file for STMicroelectronics.X-CUBE-ALS.1.0.2
2025-06-25 14:37:58,589 [WARN] PackLoader:240 - Cannot read IP mode file for STMicroelectronics.X-CUBE-MEMS1.10.0.0
2025-06-25 14:37:58,700 [WARN] PackLoader:240 - Cannot read IP mode file for STMicroelectronics.X-CUBE-FREERTOS.1.1.0
2025-06-25 14:37:58,703 [WARN] PackLoader:240 - Cannot read IP mode file for STMicroelectronics.X-CUBE-TOUCHGFX.4.24.0
2025-06-25 14:37:58,706 [WARN] PackLoader:240 - Cannot read IP mode file for STMicroelectronics.X-CUBE-TOUCHGFX.4.24.2
2025-06-25 14:37:58,709 [WARN] PackLoader:240 - Cannot read IP mode file for STMicroelectronics.X-CUBE-TOUCHGFX.4.24.1
2025-06-25 14:37:58,715 [WARN] PackLoader:240 - Cannot read IP mode file for portGmbH.I-Cube-SoM-uGOAL.1.1.0
2025-06-25 14:37:58,718 [WARN] PackLoader:240 - Cannot read IP mode file for STMicroelectronics.X-CUBE-ALS.1.0.1
2025-06-25 14:37:58,735 [WARN] PackLoader:240 - Cannot read IP mode file for STMicroelectronics.X-CUBE-AZRTOS-H7RS.1.0.0
2025-06-25 14:37:58,739 [WARN] PackLoader:240 - Cannot read IP mode file for STMicroelectronics.FP-ATR-ASTRA1.2.0.0
2025-06-25 14:37:58,749 [WARN] PackLoader:240 - Cannot read IP mode file for STMicroelectronics.X-CUBE-TOF1.3.4.2
2025-06-25 14:37:58,772 [WARN] PackLoader:240 - Cannot read IP mode file for STMicroelectronics.X-CUBE-TOF1.3.4.3
2025-06-25 14:37:58,798 [WARN] PackLoader:240 - Cannot read IP mode file for STMicroelectronics.X-CUBE-TOF1.3.4.1
2025-06-25 14:37:58,826 [WARN] PackLoader:240 - Cannot read IP mode file for STMicroelectronics.X-CUBE-AZRTOS-H7.3.2.0
2025-06-25 14:37:58,843 [WARN] PackLoader:240 - Cannot read IP mode file for Infineon.AIROC-Wi-Fi-Bluetooth-STM32.1.6.0
2025-06-25 14:37:58,912 [WARN] PackLoader:240 - Cannot read IP mode file for wolfSSL.I-CUBE-wolfSSH.1.4.17
2025-06-25 14:37:58,913 [INFO] ThirdParty:978 - Integrity check success = true
2025-06-25 14:37:58,913 [INFO] IntegrityCheckThread:100 - exiting critical section [integrity check]
2025-06-25 14:37:58,913 [INFO] IntegrityCheckThread:103 - End integrity checks thread
