2025-06-05 14:52:09,407 [ERROR] LogOutputStream:75 - [STDERR_REDIRECT] 
2025-06-05 15:59:15,035 [INFO] Activator:176 - 


2025-06-05 15:59:15,038 [INFO] Activator:177 - !SESSION log4j initialized
2025-06-05 15:59:19,349 [INFO] LogOutputStream:77 - [STDOUT_REDIRECT] 
2025-06-05 15:59:20,958 [INFO] LogOutputStream:77 - [STDOUT_REDIRECT] 
2025-06-05 15:59:21,506 [ERROR] LogOutputStream:75 - [STDERR_REDIRECT] 
2025-06-05 15:59:22,064 [INFO] ApplicationProperties:184 - Using Application install path: /Applications/STM32CubeIDE.app/Contents/Eclipse/plugins/com.st.stm32cube.common.mx_6.14.1.202504091515
2025-06-05 15:59:22,094 [INFO] DbMcusXml:78 - Set database path to: /Applications/STM32CubeIDE.app/Contents/Eclipse/plugins/com.st.stm32cube.common.mx_6.14.1.202504091515//db//mcu/
2025-06-05 15:59:22,095 [INFO] ApiDb:274 - Set plugin database path to: /Applications/STM32CubeIDE.app/Contents/Eclipse/plugins/com.st.stm32cube.common.mx_6.14.1.202504091515//db//plugins/boardmanager/
2025-06-05 15:59:22,097 [WARN] ApiDb:259 - Overriding images path with different value:  => /Applications/STM32CubeIDE.app/Contents/Eclipse/plugins/com.st.stm32cube.common.mx_6.14.1.202504091515//db//plugins/mcufinder/images/
2025-06-05 15:59:22,106 [INFO] ApiDb:250 - Set database path to: /Users/admin/.stmcufinder/plugins/mcufinder//mcu/
2025-06-05 15:59:22,107 [INFO] DbMcusAds:125 - Set database path to: /Users/admin/.stmcufinder/plugins/mcufinder//mcu/
2025-06-05 15:59:22,111 [INFO] CrossReferenceDbSqlite:203 - Set database path to: /Users/admin/.stmcufinder/plugins/mcufinder//mcu/cs/
2025-06-05 15:59:22,284 [INFO] RulesReader:64 - Compatibility file has been processed (302 Rules)
2025-06-05 15:59:22,409 [INFO] DbMcusXml:78 - Set database path to: /Applications/STM32CubeIDE.app/Contents/Eclipse/plugins/com.st.stm32cube.common.mx_6.14.1.202504091515//db//mcu/
2025-06-05 15:59:22,409 [INFO] ApiDb:274 - Set plugin database path to: /Applications/STM32CubeIDE.app/Contents/Eclipse/plugins/com.st.stm32cube.common.mx_6.14.1.202504091515//db//plugins/boardmanager/
2025-06-05 15:59:22,409 [INFO] ApiDb:261 - Set plugin images path to: /Applications/STM32CubeIDE.app/Contents/Eclipse/plugins/com.st.stm32cube.common.mx_6.14.1.202504091515//db//plugins/mcufinder/images/
2025-06-05 15:59:22,410 [WARN] DbFile:41 - Overriding database path with different value: /Users/admin/.stmcufinder/plugins/mcufinder/ => /Users/admin/.stmcufinder/plugins/mcufinder
2025-06-05 15:59:22,410 [INFO] ApiDb:250 - Set database path to: /Users/admin/.stmcufinder/plugins/mcufinder//mcu/
2025-06-05 15:59:22,410 [WARN] DbFile:41 - Overriding database path with different value: /Users/admin/.stmcufinder/plugins/mcufinder/ => /Users/admin/.stmcufinder/plugins/mcufinder
2025-06-05 15:59:22,410 [INFO] DbMcusAds:125 - Set database path to: /Users/admin/.stmcufinder/plugins/mcufinder//mcu/
2025-06-05 15:59:22,410 [WARN] DbFile:41 - Overriding database path with different value: /Users/admin/.stmcufinder/plugins/mcufinder/ => /Users/admin/.stmcufinder/plugins/mcufinder
2025-06-05 15:59:22,410 [WARN] DbFile:41 - Overriding database path with different value: /Users/admin/.stmcufinder/plugins/mcufinder/ => /Users/admin/.stmcufinder/plugins/mcufinder
2025-06-05 15:59:22,410 [INFO] CrossReferenceDbSqlite:203 - Set database path to: /Users/admin/.stmcufinder/plugins/mcufinder//mcu/cs/
2025-06-05 15:59:22,508 [INFO] MainPanel:272 - HeapMemory: 268435456
2025-06-05 15:59:23,254 [INFO] DbMcusXml:78 - Set database path to: /Applications/STM32CubeIDE.app/Contents/Eclipse/plugins/com.st.stm32cube.common.mx_6.14.1.202504091515//db//mcu/
2025-06-05 15:59:23,254 [INFO] ApiDb:274 - Set plugin database path to: /Applications/STM32CubeIDE.app/Contents/Eclipse/plugins/com.st.stm32cube.common.mx_6.14.1.202504091515//db//plugins/boardmanager/
2025-06-05 15:59:23,254 [INFO] ApiDb:261 - Set plugin images path to: /Applications/STM32CubeIDE.app/Contents/Eclipse/plugins/com.st.stm32cube.common.mx_6.14.1.202504091515//db//plugins/mcufinder/images/
2025-06-05 15:59:23,255 [WARN] DbFile:41 - Overriding database path with different value: /Users/admin/.stmcufinder/plugins/mcufinder/ => /Users/admin/.stmcufinder/plugins/mcufinder
2025-06-05 15:59:23,255 [INFO] ApiDb:250 - Set database path to: /Users/admin/.stmcufinder/plugins/mcufinder//mcu/
2025-06-05 15:59:23,255 [WARN] DbFile:41 - Overriding database path with different value: /Users/admin/.stmcufinder/plugins/mcufinder/ => /Users/admin/.stmcufinder/plugins/mcufinder
2025-06-05 15:59:23,255 [INFO] DbMcusAds:125 - Set database path to: /Users/admin/.stmcufinder/plugins/mcufinder//mcu/
2025-06-05 15:59:23,255 [WARN] DbFile:41 - Overriding database path with different value: /Users/admin/.stmcufinder/plugins/mcufinder/ => /Users/admin/.stmcufinder/plugins/mcufinder
2025-06-05 15:59:23,255 [WARN] DbFile:41 - Overriding database path with different value: /Users/admin/.stmcufinder/plugins/mcufinder/ => /Users/admin/.stmcufinder/plugins/mcufinder
2025-06-05 15:59:23,255 [INFO] CrossReferenceDbSqlite:203 - Set database path to: /Users/admin/.stmcufinder/plugins/mcufinder//mcu/cs/
2025-06-05 15:59:23,276 [INFO] ApplicationProperties:184 - Using Application install path: /Applications/STM32CubeIDE.app/Contents/Eclipse/plugins/com.st.stm32cube.common.mx_6.14.1.202504091515
2025-06-05 15:59:23,278 [INFO] PluginManage:196 - Search for loadable plugins [exclusion list=, ]
2025-06-05 15:59:23,280 [INFO] PluginManage:310 - Check plugin analytics
2025-06-05 15:59:23,491 [INFO] AnalyticsPlugin:253 - Accepted Software Licenses: 
2025-06-05 15:59:23,491 [INFO] AnalyticsPlugin:255 - Accepted CMSIS Pack Licenses: Infineon.AIROC-Wi-Fi-Bluetooth-STM32.1.6.0,STMicroelectronics.X-CUBE-BLE1.7.0.0
2025-06-05 15:59:23,492 [INFO] AnalyticsPlugin:257 - Accepted Firmware Licenses: FW.G0.1.6.0,FW.WB.1.19.0,FW.WB.1.21.0
2025-06-05 15:59:23,495 [INFO] PluginManage:359 - Loaded plugin analytics (category:tool,tabindex:-1)
2025-06-05 15:59:23,495 [INFO] PluginManage:310 - Check plugin cadmodel
2025-06-05 15:59:23,501 [INFO] CADModel:105 - Init CAD model plugin
2025-06-05 15:59:23,501 [INFO] PluginManage:359 - Loaded plugin cadmodel (category:power,tabindex:5)
2025-06-05 15:59:23,501 [INFO] PluginManage:310 - Check plugin clock
2025-06-05 15:59:23,513 [INFO] PluginManage:359 - Loaded plugin clock (category:base,tabindex:2)
2025-06-05 15:59:23,514 [INFO] PluginManage:310 - Check plugin ddr
2025-06-05 15:59:23,517 [INFO] PluginManage:359 - Loaded plugin ddr (category:tool,tabindex:6)
2025-06-05 15:59:23,517 [INFO] PluginManage:310 - Check plugin filemanager
2025-06-05 15:59:23,691 [INFO] PluginManage:359 - Loaded plugin filemanager (category:base,tabindex:10)
2025-06-05 15:59:23,691 [INFO] PluginManage:310 - Check plugin ipmanager
2025-06-05 15:59:23,698 [INFO] PluginManage:359 - Loaded plugin ipmanager (category:base,tabindex:5)
2025-06-05 15:59:23,698 [INFO] PluginManage:310 - Check plugin lpbam
2025-06-05 15:59:23,711 [INFO] PluginManage:359 - Loaded plugin lpbam (category:base,tabindex:0)
2025-06-05 15:59:23,711 [INFO] PluginManage:310 - Check plugin memorymap
2025-06-05 15:59:23,731 [INFO] PluginManage:359 - Loaded plugin memorymap (category:base,tabindex:4)
2025-06-05 15:59:23,731 [INFO] PluginManage:310 - Check plugin pinoutandconfiguration
2025-06-05 15:59:23,740 [INFO] PluginManage:359 - Loaded plugin pinoutandconfiguration (category:base,tabindex:1)
2025-06-05 15:59:23,741 [INFO] PluginManage:310 - Check plugin pinoutconfig
2025-06-05 15:59:23,847 [WARN] SupportedApi:132 - Cannot load RTOS API schema: s4s-elt-must-match.1: The content of 'definitions' must match (annotation?, (simpleType | complexType)?, (unique | key | keyref)*)). A problem was found starting at: attribute.
2025-06-05 15:59:24,015 [INFO] PluginManage:359 - Loaded plugin pinoutconfig (category:base,tabindex:0)
2025-06-05 15:59:24,015 [INFO] PluginManage:310 - Check plugin power
2025-06-05 15:59:24,028 [INFO] PluginManage:359 - Loaded plugin power (category:power,tabindex:4)
2025-06-05 15:59:24,028 [INFO] PluginManage:310 - Check plugin projectmanager
2025-06-05 15:59:24,044 [INFO] PluginManage:359 - Loaded plugin projectmanager (category:projectmanager,tabindex:4)
2025-06-05 15:59:24,045 [INFO] PluginManage:310 - Check plugin rif
2025-06-05 15:59:24,053 [INFO] PluginManage:359 - Loaded plugin rif (category:base,tabindex:3)
2025-06-05 15:59:24,053 [INFO] PluginManage:310 - Check plugin thirdparty
2025-06-05 15:59:24,203 [INFO] PluginManage:359 - Loaded plugin thirdparty (category:base,tabindex:-1)
2025-06-05 15:59:24,202 [WARN] IntegrityCheckThread:84 - waiting for thirdparty lock release [integrity check]
2025-06-05 15:59:24,203 [INFO] PluginManage:310 - Check plugin tools
2025-06-05 15:59:24,203 [INFO] IntegrityCheckThread:86 - entering critical section [integrity check]
2025-06-05 15:59:24,203 [INFO] ThirdPartyUpdaterWithRetryManager:70 - Updater plugin not ready yet. [1/15]
2025-06-05 15:59:24,205 [INFO] PluginManage:359 - Loaded plugin tools (category:base,tabindex:7)
2025-06-05 15:59:24,206 [INFO] PluginManage:310 - Check plugin tutovideos
2025-06-05 15:59:24,435 [INFO] PluginManage:359 - Loaded plugin tutovideos (category:base,tabindex:-1)
2025-06-05 15:59:24,435 [INFO] PluginManage:310 - Check plugin updater
2025-06-05 15:59:24,460 [INFO] PluginManage:359 - Loaded plugin updater (category:base,tabindex:12)
2025-06-05 15:59:24,460 [INFO] PluginManage:310 - Check plugin userauth
2025-06-05 15:59:24,464 [INFO] UserAuth:118 - Init User Auth plugin
2025-06-05 15:59:24,465 [INFO] PluginManage:359 - Loaded plugin userauth (category:base,tabindex:14)
2025-06-05 15:59:24,465 [INFO] PluginManage:283 - PluginManage : Loaded plugins [18]
2025-06-05 15:59:24,659 [INFO] PinOutPanel:1589 - setPackage(No Configuration,No Configuration)
2025-06-05 15:59:24,741 [INFO] CADModel:165 - CPN selected for project level
2025-06-05 15:59:24,741 [INFO] CADModel:114 - Register for checkConnection events
2025-06-05 15:59:24,757 [INFO] IPUIPlugin:80 - create IPUIPlugin
2025-06-05 15:59:24,758 [INFO] PluginManager:220 - loadIPPluginJar : add mdma
2025-06-05 15:59:24,767 [INFO] IPUIPlugin:80 - create IPUIPlugin
2025-06-05 15:59:24,767 [INFO] PluginManager:220 - loadIPPluginJar : add freertos
2025-06-05 15:59:24,773 [INFO] IPUIPlugin:80 - create IPUIPlugin
2025-06-05 15:59:24,774 [INFO] PluginManager:220 - loadIPPluginJar : add gic
2025-06-05 15:59:24,787 [INFO] IPUIPlugin:80 - create IPUIPlugin
2025-06-05 15:59:24,788 [INFO] PluginManager:220 - loadIPPluginJar : add adc
2025-06-05 15:59:24,791 [INFO] IPUIPlugin:80 - create IPUIPlugin
2025-06-05 15:59:24,791 [INFO] PluginManager:220 - loadIPPluginJar : add gtzc
2025-06-05 15:59:24,793 [INFO] IPUIPlugin:80 - create IPUIPlugin
2025-06-05 15:59:24,793 [INFO] PluginManager:220 - loadIPPluginJar : add quadspi
2025-06-05 15:59:24,796 [INFO] IPUIPlugin:80 - create IPUIPlugin
2025-06-05 15:59:24,796 [INFO] PluginManager:220 - loadIPPluginJar : add aes
2025-06-05 15:59:24,799 [INFO] IPUIPlugin:80 - create IPUIPlugin
2025-06-05 15:59:24,800 [INFO] PluginManager:220 - loadIPPluginJar : add pdm2pcm
2025-06-05 15:59:24,802 [INFO] IPUIPlugin:80 - create IPUIPlugin
2025-06-05 15:59:24,802 [INFO] PluginManager:220 - loadIPPluginJar : add hash
2025-06-05 15:59:24,804 [INFO] IPUIPlugin:80 - create IPUIPlugin
2025-06-05 15:59:24,804 [INFO] PluginManager:220 - loadIPPluginJar : add tim
2025-06-05 15:59:24,806 [INFO] IPUIPlugin:80 - create IPUIPlugin
2025-06-05 15:59:24,806 [INFO] PluginManager:220 - loadIPPluginJar : add tsc
2025-06-05 15:59:24,810 [INFO] IPUIPlugin:80 - create IPUIPlugin
2025-06-05 15:59:24,810 [INFO] PluginManager:220 - loadIPPluginJar : add extmemmanager
2025-06-05 15:59:24,813 [INFO] IPUIPlugin:80 - create IPUIPlugin
2025-06-05 15:59:24,813 [INFO] PluginManager:220 - loadIPPluginJar : add ts
2025-06-05 15:59:24,815 [INFO] IPUIPlugin:80 - create IPUIPlugin
2025-06-05 15:59:24,817 [INFO] PluginManager:220 - loadIPPluginJar : add radio
2025-06-05 15:59:24,820 [INFO] IPUIPlugin:80 - create IPUIPlugin
2025-06-05 15:59:24,820 [INFO] PluginManager:220 - loadIPPluginJar : add can
2025-06-05 15:59:24,822 [INFO] IPUIPlugin:80 - create IPUIPlugin
2025-06-05 15:59:24,823 [INFO] PluginManager:220 - loadIPPluginJar : add dma3
2025-06-05 15:59:24,825 [INFO] IPUIPlugin:80 - create IPUIPlugin
2025-06-05 15:59:24,825 [INFO] PluginManager:220 - loadIPPluginJar : add dfsdm
2025-06-05 15:59:24,828 [INFO] IPUIPlugin:80 - create IPUIPlugin
2025-06-05 15:59:24,828 [INFO] PluginManager:220 - loadIPPluginJar : add spi
2025-06-05 15:59:24,830 [INFO] IPUIPlugin:80 - create IPUIPlugin
2025-06-05 15:59:24,831 [INFO] PluginManager:220 - loadIPPluginJar : add gfxmmu
2025-06-05 15:59:24,832 [INFO] IPUIPlugin:80 - create IPUIPlugin
2025-06-05 15:59:24,833 [INFO] PluginManager:220 - loadIPPluginJar : add genericplugin
2025-06-05 15:59:24,835 [INFO] IPUIPlugin:80 - create IPUIPlugin
2025-06-05 15:59:24,835 [INFO] PluginManager:220 - loadIPPluginJar : add cryp
2025-06-05 15:59:24,841 [INFO] IPUIPlugin:80 - create IPUIPlugin
2025-06-05 15:59:24,841 [INFO] PluginManager:220 - loadIPPluginJar : add gpio
2025-06-05 15:59:24,844 [INFO] IPUIPlugin:80 - create IPUIPlugin
2025-06-05 15:59:24,844 [INFO] PluginManager:220 - loadIPPluginJar : add ddr_ctrl_phy
2025-06-05 15:59:24,846 [INFO] IPUIPlugin:80 - create IPUIPlugin
2025-06-05 15:59:24,846 [INFO] PluginManager:220 - loadIPPluginJar : add comp
2025-06-05 15:59:24,849 [INFO] IPUIPlugin:80 - create IPUIPlugin
2025-06-05 15:59:24,849 [INFO] PluginManager:220 - loadIPPluginJar : add tracer_emb
2025-06-05 15:59:24,853 [INFO] IPUIPlugin:80 - create IPUIPlugin
2025-06-05 15:59:24,853 [INFO] PluginManager:220 - loadIPPluginJar : add openamp
2025-06-05 15:59:24,860 [INFO] IPUIPlugin:80 - create IPUIPlugin
2025-06-05 15:59:24,861 [INFO] PluginManager:220 - loadIPPluginJar : add stm32_wpan
2025-06-05 15:59:24,869 [INFO] IPUIPlugin:80 - create IPUIPlugin
2025-06-05 15:59:24,872 [INFO] PluginManager:220 - loadIPPluginJar : add plateformsettings
2025-06-05 15:59:24,877 [INFO] IPUIPlugin:80 - create IPUIPlugin
2025-06-05 15:59:24,877 [INFO] PluginManager:220 - loadIPPluginJar : add ipddr
2025-06-05 15:59:24,881 [INFO] IPUIPlugin:80 - create IPUIPlugin
2025-06-05 15:59:24,881 [INFO] PluginManager:220 - loadIPPluginJar : add usart
2025-06-05 15:59:24,883 [INFO] IPUIPlugin:80 - create IPUIPlugin
2025-06-05 15:59:24,883 [INFO] PluginManager:220 - loadIPPluginJar : add ltdc
2025-06-05 15:59:24,888 [INFO] IPUIPlugin:80 - create IPUIPlugin
2025-06-05 15:59:24,888 [INFO] PluginManager:220 - loadIPPluginJar : add nvic
2025-06-05 15:59:24,889 [INFO] IPUIPlugin:80 - create IPUIPlugin
2025-06-05 15:59:24,890 [INFO] PluginManager:220 - loadIPPluginJar : add fatfs
2025-06-05 15:59:24,899 [INFO] IPUIPlugin:80 - create IPUIPlugin
2025-06-05 15:59:24,899 [INFO] PluginManager:220 - loadIPPluginJar : add linkedlist
2025-06-05 15:59:24,905 [INFO] IPUIPlugin:80 - create IPUIPlugin
2025-06-05 15:59:24,906 [INFO] PluginManager:220 - loadIPPluginJar : add dma
2025-06-05 15:59:24,910 [INFO] IPUIPlugin:80 - create IPUIPlugin
2025-06-05 15:59:24,910 [INFO] PluginManager:220 - loadIPPluginJar : add fmc
2025-06-05 15:59:24,913 [INFO] IPUIPlugin:80 - create IPUIPlugin
2025-06-05 15:59:24,914 [INFO] PluginManager:220 - loadIPPluginJar : add i2s
2025-06-05 15:59:24,915 [INFO] IPUIPlugin:80 - create IPUIPlugin
2025-06-05 15:59:24,915 [INFO] PluginManager:220 - loadIPPluginJar : add ucpd
2025-06-05 15:59:24,918 [INFO] IPUIPlugin:80 - create IPUIPlugin
2025-06-05 15:59:24,918 [INFO] PluginManager:220 - loadIPPluginJar : add lorawan
2025-06-05 15:59:24,921 [INFO] IPUIPlugin:80 - create IPUIPlugin
2025-06-05 15:59:24,921 [INFO] PluginManager:220 - loadIPPluginJar : add opamp
2025-06-05 15:59:24,923 [INFO] IPUIPlugin:80 - create IPUIPlugin
2025-06-05 15:59:24,924 [INFO] PluginManager:220 - loadIPPluginJar : add i3c
2025-06-05 15:59:24,927 [INFO] IPUIPlugin:80 - create IPUIPlugin
2025-06-05 15:59:24,928 [INFO] PluginManager:220 - loadIPPluginJar : add touchsensing
2025-06-05 15:59:24,931 [INFO] IPUIPlugin:80 - create IPUIPlugin
2025-06-05 15:59:24,931 [INFO] PluginManager:220 - loadIPPluginJar : add i2c
2025-06-05 15:59:24,935 [INFO] IPUIPlugin:80 - create IPUIPlugin
2025-06-05 15:59:24,935 [INFO] PluginManager:220 - loadIPPluginJar : add resmgrutility
2025-06-05 15:59:24,939 [INFO] IPUIPlugin:80 - create IPUIPlugin
2025-06-05 15:59:24,939 [INFO] PluginManager:220 - loadIPPluginJar : add sai
2025-06-05 15:59:24,943 [INFO] IPUIPlugin:80 - create IPUIPlugin
2025-06-05 15:59:24,943 [INFO] PluginManager:220 - loadIPPluginJar : add usbx
2025-06-05 15:59:25,046 [FATAL] Updater:351 - Updater called before beeing initialized
2025-06-05 15:59:25,074 [INFO] RulesReader:64 - Compatibility file has been processed (302 Rules)
2025-06-05 15:59:25,086 [INFO] RulesReader:64 - Compatibility file has been processed (302 Rules)
2025-06-05 15:59:25,093 [INFO] CADModel:165 - CPN selected for project level
2025-06-05 15:59:25,093 [INFO] CADModel:114 - Register for checkConnection events
2025-06-05 15:59:25,093 [FATAL] Updater:351 - Updater called before beeing initialized
2025-06-05 15:59:25,093 [ERROR] CADModel:125 - Updater not yet initialized, retry later 
2025-06-05 15:59:26,079 [FATAL] Updater:351 - Updater called before beeing initialized
2025-06-05 15:59:26,083 [INFO] CADModel:165 - CPN selected for project level
2025-06-05 15:59:26,083 [INFO] CADModel:114 - Register for checkConnection events
2025-06-05 15:59:26,083 [FATAL] Updater:351 - Updater called before beeing initialized
2025-06-05 15:59:26,083 [ERROR] CADModel:125 - Updater not yet initialized, retry later 
2025-06-05 15:59:26,089 [FATAL] Updater:351 - Updater called before beeing initialized
2025-06-05 15:59:26,205 [FATAL] Updater:351 - Updater called before beeing initialized
2025-06-05 15:59:26,211 [INFO] DbMcusAds:53 - JSON generation date=Wed May 07 12:07:55 EEST 2025 (1746608875187)
2025-06-05 15:59:26,212 [FATAL] Updater:351 - Updater called before beeing initialized
2025-06-05 15:59:26,267 [WARN] DetailPanel:346 - Failed to get advertising image, set to default
